<?xml version="1.0" encoding="UTF-8"?>
<!-- Generated by org.testng.reporters.JUnitReportReporter -->
<testsuite hostname="DESKTOP-QJQ5G61" failures="0" tests="1" name="com.careers.qa.testcases.LoginPageTest" time="25.897" errors="0" timestamp="27 Jan 2024 17:32:09 GMT" skipped="0">
  <testcase classname="com.careers.qa.testcases.LoginPageTest" name="loginTest" time="25.897"/>
</testsuite> <!-- com.careers.qa.testcases.LoginPageTest -->
